<?xml version="1.0" encoding="UTF-8"?>
<!-- Generated by org.testng.reporters.JUnitXMLReporter -->
<testsuite hostname="Sai-PC" name="End to end Testing" tests="5" failures="0" timestamp="11 Jun 2016 16:50:26 GMT" time="47.924" errors="0">
  <testcase name="loginTest" time="36.618" classname="day27.testsuite.Login"/>
  <testcase name="fidAFlightTest" time="3.505" classname="day27.testsuite.FindAFlight"/>
  <testcase name="selectFlightTest" time="3.139" classname="day27.testsuite.SelectAFlight"/>
  <testcase name="bookFlightTest" time="4.311" classname="day27.testsuite.BookAFlight"/>
  <testcase name="flightConfirmTesT" time="0.184" classname="day27.testsuite.FlightConfirmation"/>
</testsuite> <!-- End to end Testing -->
